PLINK v1.90b6.22 64-bit (16 Apr 2021)
Options in effect:
  --file /home/richel/GitHubs/plinkr/inst/extdata/demo_assoc
  --make-bed
  --noweb
  --out /home/richel/GitHubs/plinkr/inst/extdata/demo_assoc

Hostname: N141CU
Working directory: /home/richel/GitHubs/plinkr
Start time: Wed Jun  9 15:07:29 2021

Note: --noweb has no effect since no web check is implemented yet.
Random number seed: 1623244049
7652 MB RAM detected; reserving 3826 MB for main workspace.
Scanning .ped file... done.
Performing single-pass .bed write (1 variant, 3 people).
--file: /home/richel/GitHubs/plinkr/inst/extdata/demo_assoc-temporary.bed +
/home/richel/GitHubs/plinkr/inst/extdata/demo_assoc-temporary.bim +
/home/richel/GitHubs/plinkr/inst/extdata/demo_assoc-temporary.fam written.
1 variant loaded from .bim file.
3 people (3 males, 0 females) loaded from .fam.
3 phenotype values loaded from .fam.
Using 1 thread (no multithreaded calculations invoked).
Before main variant filters, 3 founders and 0 nonfounders present.
Calculating allele frequencies... done.
1 variant and 3 people pass filters and QC.
Among remaining phenotypes, 0 are cases and 3 are controls.
--make-bed to /home/richel/GitHubs/plinkr/inst/extdata/demo_assoc.bed +
/home/richel/GitHubs/plinkr/inst/extdata/demo_assoc.bim +
/home/richel/GitHubs/plinkr/inst/extdata/demo_assoc.fam ... done.

End time: Wed Jun  9 15:07:29 2021
