PLINK v1.90b6.22 64-bit (16 Apr 2021)
Options in effect:
  --file /home/richel/GitHubs/plinkr/inst/extdata/demo_assoc_qt
  --make-bed
  --noweb
  --out /home/richel/GitHubs/plinkr/inst/extdata/demo_assoc_qt

Hostname: N141CU
Working directory: /home/richel/GitHubs/plinkr
Start time: Wed Jun  9 15:07:24 2021

Note: --noweb has no effect since no web check is implemented yet.
Random number seed: 1623244044
7652 MB RAM detected; reserving 3826 MB for main workspace.
Scanning .ped file... done.
Performing single-pass .bed write (4 variants, 3 people).
--file: /home/richel/GitHubs/plinkr/inst/extdata/demo_assoc_qt-temporary.bed +
/home/richel/GitHubs/plinkr/inst/extdata/demo_assoc_qt-temporary.bim +
/home/richel/GitHubs/plinkr/inst/extdata/demo_assoc_qt-temporary.fam written.
4 variants loaded from .bim file.
3 people (3 males, 0 females) loaded from .fam.
Using 1 thread (no multithreaded calculations invoked).
Before main variant filters, 3 founders and 0 nonfounders present.
Calculating allele frequencies... done.
4 variants and 3 people pass filters and QC.
Note: No phenotypes present.
--make-bed to /home/richel/GitHubs/plinkr/inst/extdata/demo_assoc_qt.bed +
/home/richel/GitHubs/plinkr/inst/extdata/demo_assoc_qt.bim +
/home/richel/GitHubs/plinkr/inst/extdata/demo_assoc_qt.fam ... done.

End time: Wed Jun  9 15:07:24 2021
