PLINK v1.90b6.22 64-bit (16 Apr 2021)
Options in effect:
  --file /home/richel/GitHubs/plinkr/inst/extdata/toy_v1_9
  --make-bed
  --out /home/richel/GitHubs/plinkr/inst/extdata/output_plink1

Hostname: N141CU
Working directory: /home/richel/GitHubs/plinkr/tests/testthat
Start time: Wed Sep 29 11:24:27 2021

Random number seed: 1632907467
7650 MB RAM detected; reserving 3825 MB for main workspace.
Scanning .ped file... done.
Performing single-pass .bed write (2 variants, 2 people).
--file: /home/richel/GitHubs/plinkr/inst/extdata/output_plink1-temporary.bed +
/home/richel/GitHubs/plinkr/inst/extdata/output_plink1-temporary.bim +
/home/richel/GitHubs/plinkr/inst/extdata/output_plink1-temporary.fam written.
2 variants loaded from .bim file.
2 people (2 males, 0 females) loaded from .fam.
2 phenotype values loaded from .fam.
Using 1 thread (no multithreaded calculations invoked).
Before main variant filters, 2 founders and 0 nonfounders present.
Calculating allele frequencies... done.
Total genotyping rate is 0.75.
2 variants and 2 people pass filters and QC.
Among remaining phenotypes, 1 is a case and 1 is a control.
--make-bed to /home/richel/GitHubs/plinkr/inst/extdata/output_plink1.bed +
/home/richel/GitHubs/plinkr/inst/extdata/output_plink1.bim +
/home/richel/GitHubs/plinkr/inst/extdata/output_plink1.fam ... done.

End time: Wed Sep 29 11:24:27 2021
