
@----------------------------------------------------------@
|        PLINK!       |     v1.07      |   10/Aug/2009     |
|----------------------------------------------------------|
|  (C) 2009 Shaun Purcell, GNU General Public License, v2  |
|----------------------------------------------------------|
|  For documentation, citation & bug-report instructions:  |
|        http://pngu.mgh.harvard.edu/purcell/plink/        |
@----------------------------------------------------------@

Skipping web check... [ --noweb ] 
Writing this text to log file [ /home/richel/GitHubs/plinkr/inst/extdata/output.log ]
Analysis started: Fri Sep 17 15:03:03 2021

Options in effect:
	--file /home/richel/GitHubs/plinkr/inst/extdata/test_v1_7
	--make-bed
	--out /home/richel/GitHubs/plinkr/inst/extdata/output
	--noweb

2 (of 2) markers to be included from [ /home/richel/GitHubs/plinkr/inst/extdata/test_v1_7.map ]
6 individuals read from [ /home/richel/GitHubs/plinkr/inst/extdata/test_v1_7.ped ] 
6 individuals with nonmissing phenotypes
Assuming a disease phenotype (1=unaff, 2=aff, 0=miss)
Missing phenotype value is also -9
3 cases, 3 controls and 0 missing
6 males, 0 females, and 0 of unspecified sex
Before frequency and genotyping pruning, there are 2 SNPs
6 founders and 0 non-founders found
Total genotyping rate in remaining individuals is 1
0 SNPs failed missingness test ( GENO > 1 )
0 SNPs failed frequency test ( MAF < 0 )
After frequency and genotyping pruning, there are 2 SNPs
After filtering, 3 cases, 3 controls and 0 missing
After filtering, 6 males, 0 females, and 0 of unspecified sex
Writing pedigree information to [ /home/richel/GitHubs/plinkr/inst/extdata/output.fam ] 
Writing map (extended format) information to [ /home/richel/GitHubs/plinkr/inst/extdata/output.bim ] 
Writing genotype bitfile to [ /home/richel/GitHubs/plinkr/inst/extdata/output.bed ] 
Using (default) SNP-major mode

Analysis finished: Fri Sep 17 15:03:03 2021

