PLINK v1.90b6.22 64-bit (16 Apr 2021)
Options in effect:
  --bfile /home/richel/GitHubs/plinkr/inst/extdata/big_random
  --make-bed
  --out /home/richel/.cache/plinkr/file114f6481488dc/pca
  --pca

Hostname: N141CU
Working directory: /home/richel/GitHubs/plinkr
Start time: Tue May 10 15:12:03 2022

Random number seed: 1652188323
7642 MB RAM detected; reserving 3821 MB for main workspace.
100 variants loaded from .bim file.
1000 people (1000 males, 0 females) loaded from .fam.
Using up to 8 threads (change this with --threads).
Before main variant filters, 1000 founders and 0 nonfounders present.
Calculating allele frequencies... done.
100 variants and 1000 people pass filters and QC.
Note: No phenotypes present.
Relationship matrix calculation complete.
--pca: Results saved to
/home/richel/.cache/plinkr/file114f6481488dc/pca.eigenval and
/home/richel/.cache/plinkr/file114f6481488dc/pca.eigenvec .
--make-bed to /home/richel/.cache/plinkr/file114f6481488dc/pca.bed +
/home/richel/.cache/plinkr/file114f6481488dc/pca.bim +
/home/richel/.cache/plinkr/file114f6481488dc/pca.fam ... done.

End time: Tue May 10 15:12:04 2022
