PLINK v1.90b6.22 64-bit (16 Apr 2021)
Options in effect:
  --file toy
  --make-bed
  --noweb
  --out /home/richel/toy_v1_9_after_make-bed

Hostname: N141CU
Working directory: /home/richel/.local/share/plinkr/plink_1_9_unix
Start time: Wed Sep 22 11:23:57 2021

Note: --noweb has no effect since no web check is implemented yet.
Random number seed: 1632302637
7650 MB RAM detected; reserving 3825 MB for main workspace.
Scanning .ped file... done.
Performing single-pass .bed write (2 variants, 2 people).
--file: /home/richel/toy_v1_9_after_make-bed-temporary.bed +
/home/richel/toy_v1_9_after_make-bed-temporary.bim +
/home/richel/toy_v1_9_after_make-bed-temporary.fam written.
2 variants loaded from .bim file.
2 people (2 males, 0 females) loaded from .fam.
2 phenotype values loaded from .fam.
Using 1 thread (no multithreaded calculations invoked).
Before main variant filters, 2 founders and 0 nonfounders present.
Calculating allele frequencies... done.
Total genotyping rate is 0.75.
2 variants and 2 people pass filters and QC.
Among remaining phenotypes, 1 is a case and 1 is a control.
--make-bed to /home/richel/toy_v1_9_after_make-bed.bed +
/home/richel/toy_v1_9_after_make-bed.bim +
/home/richel/toy_v1_9_after_make-bed.fam ... done.

End time: Wed Sep 22 11:23:57 2021
