PLINK v1.90b6.22 64-bit (16 Apr 2021)
Options in effect:
  --file /home/richel/.cache/plinkr/file628c6bd26be5/plink_text
  --make-bed
  --out /home/richel/.cache/plinkr/file628c6bd26be5/plink_bin

Hostname: N141CU
Working directory: /home/richel/GitHubs/plinkr
Start time: Thu Sep 30 11:39:59 2021

Random number seed: 1632994799
7650 MB RAM detected; reserving 3825 MB for main workspace.
Scanning .ped file... done.
Performing single-pass .bed write (4 variants, 3 people).
--file: /home/richel/.cache/plinkr/file628c6bd26be5/plink_bin-temporary.bed +
/home/richel/.cache/plinkr/file628c6bd26be5/plink_bin-temporary.bim +
/home/richel/.cache/plinkr/file628c6bd26be5/plink_bin-temporary.fam written.
4 variants loaded from .bim file.
3 people (3 males, 0 females) loaded from .fam.
Using 1 thread (no multithreaded calculations invoked).
Before main variant filters, 3 founders and 0 nonfounders present.
Calculating allele frequencies... done.
4 variants and 3 people pass filters and QC.
Note: No phenotypes present.
--make-bed to /home/richel/.cache/plinkr/file628c6bd26be5/plink_bin.bed +
/home/richel/.cache/plinkr/file628c6bd26be5/plink_bin.bim +
/home/richel/.cache/plinkr/file628c6bd26be5/plink_bin.fam ... done.

End time: Thu Sep 30 11:39:59 2021
